This file contains any messages produced by compilers while
running configure, to aid debugging if configure makes a mistake.

It was created by tophat configure 1.4.0, which was
generated by GNU Autoconf 2.59.  Invocation command line was

  $ ./configure 

## --------- ##
## Platform. ##
## --------- ##

hostname = vm75.gsc.wustl.edu
uname -m = x86_64
uname -r = 2.6.32-21-generic
uname -s = Linux
uname -v = #32-Ubuntu SMP Fri Apr 16 08:09:38 UTC 2010

/usr/bin/uname -p = unknown
/bin/uname -X     = unknown

/bin/arch              = unknown
/usr/bin/arch -k       = unknown
/usr/convex/getsysinfo = unknown
hostinfo               = unknown
/bin/machine           = unknown
/usr/bin/oslevel       = unknown
/bin/universe          = unknown

PATH: /gscuser/mcallawa/workspace/perlbrew/opt/genome/bin
PATH: /gscuser/mcallawa/bin
PATH: /gapp/noarch/bin
PATH: /gapp/x64linux/bin
PATH: /gapp/ia32linux/bin
PATH: /gsc/scripts/opt/genome/current/user/bin
PATH: /gsc/scripts/bin
PATH: /gsc/bin
PATH: /gsc/java/bin
PATH: /usr/local/bin
PATH: /usr/bin
PATH: /bin
PATH: /usr/sbin
PATH: /usr/local/lsf/7.0/linux2.6-glibc2.3-x86_64/etc
PATH: /usr/local/lsf/7.0/linux2.6-glibc2.3-x86_64/bin
PATH: /usr/bin
PATH: /bin
PATH: /gsc/scripts/gsc/gsc
PATH: /gsc/scripts/gsc/info
PATH: /gsc/scripts/gsc/systems
PATH: /gsc/pkg/oracle/10gR2/db_1/bin
PATH: /gscuser/mcallawa/git/git-hg/bin
PATH: /gscuser/mcallawa/git/git-hg/bin


## ----------- ##
## Core tests. ##
## ----------- ##

configure:1419: checking for a BSD-compatible install
configure:1474: result: /usr/bin/install -c
configure:1485: checking whether build environment is sane
configure:1528: result: yes
configure:1593: checking for gawk
configure:1609: found /usr/bin/gawk
configure:1619: result: gawk
configure:1629: checking whether make sets $(MAKE)
configure:1649: result: yes
configure:1852: checking build system type
configure:1870: result: x86_64-unknown-linux-gnu
configure:1878: checking host system type
configure:1892: result: x86_64-unknown-linux-gnu
configure:1954: checking for gcc
configure:1970: found /usr/bin/gcc
configure:1980: result: gcc
configure:2224: checking for C compiler version
configure:2227: gcc --version </dev/null >&5
gcc (Ubuntu 4.4.3-4ubuntu5) 4.4.3
Copyright (C) 2009 Free Software Foundation, Inc.
This is free software; see the source for copying conditions.  There is NO
warranty; not even for MERCHANTABILITY or FITNESS FOR A PARTICULAR PURPOSE.

configure:2230: $? = 0
configure:2232: gcc -v </dev/null >&5
Using built-in specs.
Target: x86_64-linux-gnu
Configured with: ../src/configure -v --with-pkgversion='Ubuntu 4.4.3-4ubuntu5' --with-bugurl=file:///usr/share/doc/gcc-4.4/README.Bugs --enable-languages=c,c++,fortran,objc,obj-c++ --prefix=/usr --enable-shared --enable-multiarch --enable-linker-build-id --with-system-zlib --libexecdir=/usr/lib --without-included-gettext --enable-threads=posix --with-gxx-include-dir=/usr/include/c++/4.4 --program-suffix=-4.4 --enable-nls --enable-clocale=gnu --enable-libstdcxx-debug --enable-plugin --enable-objc-gc --disable-werror --with-arch-32=i486 --with-tune=generic --enable-checking=release --build=x86_64-linux-gnu --host=x86_64-linux-gnu --target=x86_64-linux-gnu
Thread model: posix
gcc version 4.4.3 (Ubuntu 4.4.3-4ubuntu5) 
configure:2235: $? = 0
configure:2237: gcc -V </dev/null >&5
gcc: '-V' option must have argument
configure:2240: $? = 1
configure:2263: checking for C compiler default output file name
configure:2266: gcc    conftest.c  >&5
configure:2269: $? = 0
configure:2315: result: a.out
configure:2320: checking whether the C compiler works
configure:2326: ./a.out
configure:2329: $? = 0
configure:2346: result: yes
configure:2353: checking whether we are cross compiling
configure:2355: result: no
configure:2358: checking for suffix of executables
configure:2360: gcc -o conftest    conftest.c  >&5
configure:2363: $? = 0
configure:2388: result: 
configure:2394: checking for suffix of object files
configure:2415: gcc -c   conftest.c >&5
configure:2418: $? = 0
configure:2440: result: o
configure:2444: checking whether we are using the GNU C compiler
configure:2468: gcc -c   conftest.c >&5
configure:2474: $? = 0
configure:2478: test -z 
			 || test ! -s conftest.err
configure:2481: $? = 0
configure:2484: test -s conftest.o
configure:2487: $? = 0
configure:2500: result: yes
configure:2506: checking whether gcc accepts -g
configure:2527: gcc -c -g  conftest.c >&5
configure:2533: $? = 0
configure:2537: test -z 
			 || test ! -s conftest.err
configure:2540: $? = 0
configure:2543: test -s conftest.o
configure:2546: $? = 0
configure:2557: result: yes
configure:2574: checking for gcc option to accept ANSI C
configure:2644: gcc  -c   conftest.c >&5
configure:2650: $? = 0
configure:2654: test -z 
			 || test ! -s conftest.err
configure:2657: $? = 0
configure:2660: test -s conftest.o
configure:2663: $? = 0
configure:2681: result: none needed
configure:2699: gcc -c   conftest.c >&5
conftest.c:2: error: expected '=', ',', ';', 'asm' or '__attribute__' before 'me'
configure:2705: $? = 1
configure: failed program was:
| #ifndef __cplusplus
|   choke me
| #endif
configure:2849: checking for style of include used by make
configure:2877: result: GNU
configure:2905: checking dependency style of gcc
configure:2995: result: gcc3
configure:3064: checking for g++
configure:3080: found /usr/bin/g++
configure:3090: result: g++
configure:3106: checking for C++ compiler version
configure:3109: g++ --version </dev/null >&5
g++ (Ubuntu 4.4.3-4ubuntu5) 4.4.3
Copyright (C) 2009 Free Software Foundation, Inc.
This is free software; see the source for copying conditions.  There is NO
warranty; not even for MERCHANTABILITY or FITNESS FOR A PARTICULAR PURPOSE.

configure:3112: $? = 0
configure:3114: g++ -v </dev/null >&5
Using built-in specs.
Target: x86_64-linux-gnu
Configured with: ../src/configure -v --with-pkgversion='Ubuntu 4.4.3-4ubuntu5' --with-bugurl=file:///usr/share/doc/gcc-4.4/README.Bugs --enable-languages=c,c++,fortran,objc,obj-c++ --prefix=/usr --enable-shared --enable-multiarch --enable-linker-build-id --with-system-zlib --libexecdir=/usr/lib --without-included-gettext --enable-threads=posix --with-gxx-include-dir=/usr/include/c++/4.4 --program-suffix=-4.4 --enable-nls --enable-clocale=gnu --enable-libstdcxx-debug --enable-plugin --enable-objc-gc --disable-werror --with-arch-32=i486 --with-tune=generic --enable-checking=release --build=x86_64-linux-gnu --host=x86_64-linux-gnu --target=x86_64-linux-gnu
Thread model: posix
gcc version 4.4.3 (Ubuntu 4.4.3-4ubuntu5) 
configure:3117: $? = 0
configure:3119: g++ -V </dev/null >&5
g++: '-V' option must have argument
configure:3122: $? = 1
configure:3125: checking whether we are using the GNU C++ compiler
configure:3149: g++ -c   conftest.cc >&5
configure:3155: $? = 0
configure:3159: test -z 
			 || test ! -s conftest.err
configure:3162: $? = 0
configure:3165: test -s conftest.o
configure:3168: $? = 0
configure:3181: result: yes
configure:3187: checking whether g++ accepts -g
configure:3208: g++ -c -g  conftest.cc >&5
configure:3214: $? = 0
configure:3218: test -z 
			 || test ! -s conftest.err
configure:3221: $? = 0
configure:3224: test -s conftest.o
configure:3227: $? = 0
configure:3238: result: yes
configure:3280: g++ -c   conftest.cc >&5
configure:3286: $? = 0
configure:3290: test -z 
			 || test ! -s conftest.err
configure:3293: $? = 0
configure:3296: test -s conftest.o
configure:3299: $? = 0
configure:3325: g++ -c   conftest.cc >&5
conftest.cc: In function 'int main()':
conftest.cc:16: error: 'exit' was not declared in this scope
configure:3331: $? = 1
configure: failed program was:
| /* confdefs.h.  */
| 
| #define PACKAGE_NAME "tophat"
| #define PACKAGE_TARNAME "tophat"
| #define PACKAGE_VERSION "1.4.0"
| #define PACKAGE_STRING "tophat 1.4.0"
| #define PACKAGE_BUGREPORT "cole@cs.umd.edu"
| #define SVN_REVISION "2912M"
| #define PACKAGE "tophat"
| #define VERSION "1.4.0"
| /* end confdefs.h.  */
| 
| int
| main ()
| {
| exit (42);
|   ;
|   return 0;
| }
configure:3280: g++ -c   conftest.cc >&5
conftest.cc:12: error: 'void std::exit(int)' should have been declared inside 'std'
configure:3286: $? = 1
configure: failed program was:
| /* confdefs.h.  */
| 
| #define PACKAGE_NAME "tophat"
| #define PACKAGE_TARNAME "tophat"
| #define PACKAGE_VERSION "1.4.0"
| #define PACKAGE_STRING "tophat 1.4.0"
| #define PACKAGE_BUGREPORT "cole@cs.umd.edu"
| #define SVN_REVISION "2912M"
| #define PACKAGE "tophat"
| #define VERSION "1.4.0"
| /* end confdefs.h.  */
| extern "C" void std::exit (int) throw (); using std::exit;
| #include <stdlib.h>
| int
| main ()
| {
| exit (42);
|   ;
|   return 0;
| }
configure:3280: g++ -c   conftest.cc >&5
conftest.cc:12: error: 'void std::exit(int)' should have been declared inside 'std'
In file included from conftest.cc:13:
/usr/include/stdlib.h:543: error: declaration of 'void std::exit(int) throw ()' throws different exceptions
conftest.cc:12: error: from previous declaration 'void std::exit(int)'
configure:3286: $? = 1
configure: failed program was:
| /* confdefs.h.  */
| 
| #define PACKAGE_NAME "tophat"
| #define PACKAGE_TARNAME "tophat"
| #define PACKAGE_VERSION "1.4.0"
| #define PACKAGE_STRING "tophat 1.4.0"
| #define PACKAGE_BUGREPORT "cole@cs.umd.edu"
| #define SVN_REVISION "2912M"
| #define PACKAGE "tophat"
| #define VERSION "1.4.0"
| /* end confdefs.h.  */
| extern "C" void std::exit (int); using std::exit;
| #include <stdlib.h>
| int
| main ()
| {
| exit (42);
|   ;
|   return 0;
| }
configure:3280: g++ -c   conftest.cc >&5
configure:3286: $? = 0
configure:3290: test -z 
			 || test ! -s conftest.err
configure:3293: $? = 0
configure:3296: test -s conftest.o
configure:3299: $? = 0
configure:3325: g++ -c   conftest.cc >&5
configure:3331: $? = 0
configure:3335: test -z 
			 || test ! -s conftest.err
configure:3338: $? = 0
configure:3341: test -s conftest.o
configure:3344: $? = 0
configure:3369: checking dependency style of g++

## ---------------- ##
## Cache variables. ##
## ---------------- ##

ac_cv_build=x86_64-unknown-linux-gnu
ac_cv_build_alias=x86_64-unknown-linux-gnu
ac_cv_c_compiler_gnu=yes
ac_cv_cxx_compiler_gnu=yes
ac_cv_env_CC_set=
ac_cv_env_CC_value=
ac_cv_env_CFLAGS_set=
ac_cv_env_CFLAGS_value=
ac_cv_env_CPPFLAGS_set=
ac_cv_env_CPPFLAGS_value=
ac_cv_env_CPP_set=
ac_cv_env_CPP_value=
ac_cv_env_CXXCPP_set=
ac_cv_env_CXXCPP_value=
ac_cv_env_CXXFLAGS_set=
ac_cv_env_CXXFLAGS_value=
ac_cv_env_CXX_set=
ac_cv_env_CXX_value=
ac_cv_env_LDFLAGS_set=
ac_cv_env_LDFLAGS_value=
ac_cv_env_PERL_set=
ac_cv_env_PERL_value=
ac_cv_env_PYTHON_set=
ac_cv_env_PYTHON_value=
ac_cv_env_TOPHAT_SHELL_set=
ac_cv_env_TOPHAT_SHELL_value=
ac_cv_env_build_alias_set=
ac_cv_env_build_alias_value=
ac_cv_env_host_alias_set=
ac_cv_env_host_alias_value=
ac_cv_env_target_alias_set=
ac_cv_env_target_alias_value=
ac_cv_exeext=
ac_cv_host=x86_64-unknown-linux-gnu
ac_cv_host_alias=x86_64-unknown-linux-gnu
ac_cv_objext=o
ac_cv_path_install='/usr/bin/install -c'
ac_cv_prog_AWK=gawk
ac_cv_prog_ac_ct_CC=gcc
ac_cv_prog_ac_ct_CXX=g++
ac_cv_prog_cc_g=yes
ac_cv_prog_cc_stdc=
ac_cv_prog_cxx_g=yes
ac_cv_prog_make_make_set=yes
am_cv_CC_dependencies_compiler_type=gcc3
am_cv_CXX_dependencies_compiler_type=none

## ----------------- ##
## Output variables. ##
## ----------------- ##

ACLOCAL='${SHELL} /gscuser/mcallawa/workspace/tophat/tophat-1.4.0/build-aux/missing --run aclocal-1.9'
AMDEPBACKSLASH='\'
AMDEP_FALSE='#'
AMDEP_TRUE=''
AMTAR='${SHELL} /gscuser/mcallawa/workspace/tophat/tophat-1.4.0/build-aux/missing --run tar'
AM_CFLAGS=''
AM_CXXFLAGS=''
AR=''
AUTOCONF='${SHELL} /gscuser/mcallawa/workspace/tophat/tophat-1.4.0/build-aux/missing --run autoconf'
AUTOHEADER='${SHELL} /gscuser/mcallawa/workspace/tophat/tophat-1.4.0/build-aux/missing --run autoheader'
AUTOMAKE='${SHELL} /gscuser/mcallawa/workspace/tophat/tophat-1.4.0/build-aux/missing --run automake-1.9'
AWK='gawk'
BAM_CPPFLAGS=''
BAM_LDFLAGS=''
BAM_LIB=''
CC='gcc'
CCDEPMODE='depmode=gcc3'
CFLAGS=''
CPP=''
CPPFLAGS=''
CXX='g++'
CXXCPP=''
CXXDEPMODE=''
CXXFLAGS=''
CYGPATH_W='echo'
DEFS=''
DEPDIR='.deps'
ECHO_C=''
ECHO_N='-n'
ECHO_T=''
EGREP=''
EXEEXT=''
INSTALL_DATA='${INSTALL} -m 644'
INSTALL_PROGRAM='${INSTALL}'
INSTALL_SCRIPT='${INSTALL}'
INSTALL_STRIP_PROGRAM='${SHELL} $(install_sh) -c -s'
LDFLAGS=''
LIBOBJS=''
LIBS=''
LTLIBOBJS=''
MAKEINFO='${SHELL} /gscuser/mcallawa/workspace/tophat/tophat-1.4.0/build-aux/missing --run makeinfo'
OBJEXT='o'
PACKAGE='tophat'
PACKAGE_BUGREPORT='cole@cs.umd.edu'
PACKAGE_NAME='tophat'
PACKAGE_STRING='tophat 1.4.0'
PACKAGE_TARNAME='tophat'
PACKAGE_VERSION='1.4.0'
PATH_SEPARATOR=':'
PERL=''
PYTHON=''
PYTHON_EXEC_PREFIX=''
PYTHON_PLATFORM=''
PYTHON_PREFIX=''
PYTHON_VERSION=''
RANLIB=''
SET_MAKE=''
SHELL='/bin/bash'
STRIP=''
TOPHAT_SHELL=''
VERSION='1.4.0'
ZLIB=''
ac_ct_AR=''
ac_ct_CC='gcc'
ac_ct_CXX='g++'
ac_ct_RANLIB=''
ac_ct_STRIP=''
am__fastdepCC_FALSE='#'
am__fastdepCC_TRUE=''
am__fastdepCXX_FALSE=''
am__fastdepCXX_TRUE=''
am__include='include'
am__leading_dot='.'
am__quote=''
am__tar='${AMTAR} chof - "$$tardir"'
am__untar='${AMTAR} xf -'
bindir='${exec_prefix}/bin'
build='x86_64-unknown-linux-gnu'
build_alias=''
build_cpu='x86_64'
build_os='linux-gnu'
build_vendor='unknown'
datadir='${prefix}/share'
exec_prefix='NONE'
host='x86_64-unknown-linux-gnu'
host_alias=''
host_cpu='x86_64'
host_os='linux-gnu'
host_vendor='unknown'
includedir='${prefix}/include'
infodir='${prefix}/info'
install_sh='/gscuser/mcallawa/workspace/tophat/tophat-1.4.0/build-aux/install-sh'
libdir='${exec_prefix}/lib'
libexecdir='${exec_prefix}/libexec'
localstatedir='${prefix}/var'
mandir='${prefix}/man'
mkdir_p='mkdir -p --'
oldincludedir='/usr/include'
pkgpyexecdir=''
pkgpythondir=''
prefix='NONE'
program_transform_name='s,x,x,'
pyexecdir=''
pythondir=''
sbindir='${exec_prefix}/sbin'
sharedstatedir='${prefix}/com'
sysconfdir='${prefix}/etc'
target_alias=''

configure: caught signal 2
configure: exit 1
